2024-10-26 22:39:57 info: POST /allblogs
2024-10-26 22:39:57 info: POST /allblogs
2024-10-26 22:40:26 info: GET /logout
2024-10-26 22:41:39 info: POST /register
2024-10-26 22:41:40 info: POST /allblogs
2024-10-26 22:41:40 info: POST /allblogs
2024-10-26 22:42:21 info: POST /userblogs
2024-10-26 22:42:21 info: POST /userblogs
2024-10-26 22:42:45 info: POST /writeblog
2024-10-26 22:43:16 info: POST /writeblog
2024-10-26 22:44:29 info: POST /writeblog
2024-10-26 22:44:35 info: POST /allblogs
2024-10-26 22:44:35 info: POST /allblogs
2024-10-26 22:44:39 info: GET /uploads/1729962869553-mernn.jpg
2024-10-26 22:44:43 info: POST /allblogs
2024-10-26 22:44:43 info: POST /allblogs
2024-10-26 22:44:50 info: POST /userblogs
2024-10-26 22:44:50 info: POST /userblogs
2024-10-26 22:46:16 info: POST /allblogs
2024-10-26 22:46:16 info: POST /allblogs
2024-10-26 22:46:42 info: POST /allblogs
2024-10-26 22:46:43 info: POST /allblogs
2024-10-26 22:46:43 info: POST /allblogs
2024-10-26 22:46:45 info: POST /allblogs
2024-10-26 22:46:46 info: POST /allblogs
2024-10-26 22:46:47 info: POST /allblogs
2024-10-26 22:46:48 info: POST /allblogs
2024-10-26 22:46:50 info: POST /allblogs
2024-10-26 22:46:51 info: POST /allblogs
2024-10-26 22:46:52 info: POST /allblogs
2024-10-26 22:46:56 info: POST /allblogs
2024-10-26 22:46:57 info: POST /allblogs
2024-10-26 22:47:00 info: POST /allblogs
2024-10-26 22:47:21 info: GET /uploads/1729962869553-mernn.jpg
2024-10-26 22:47:28 info: POST /userblogs
2024-10-26 22:47:28 info: POST /userblogs
2024-10-26 22:48:07 info: POST /userblogs
2024-10-26 22:48:07 info: POST /userblogs
2024-10-26 22:49:05 info: POST /userblogs
2024-10-26 22:49:05 info: POST /userblogs
2024-10-26 22:49:40 info: POST /userblogs
2024-10-26 22:49:40 info: POST /userblogs
2024-10-26 22:57:59 info: POST /userblogs
2024-10-26 22:57:59 info: POST /userblogs
2024-10-26 22:58:46 info: POST /userblogs
2024-10-26 22:58:46 info: POST /userblogs
2024-10-26 22:58:59 info: POST /userblogs
2024-10-26 22:58:59 info: POST /userblogs
2024-10-26 22:59:07 info: GET /uploads/1729962869553-mernn.jpg
2024-10-26 22:59:10 info: POST /userblogs
2024-10-26 22:59:10 info: POST /userblogs
2024-10-26 22:59:25 info: PUT /editblog
2024-10-26 22:59:30 info: POST /allblogs
2024-10-26 22:59:30 info: POST /allblogs
2024-10-26 22:59:31 info: GET /uploads/1729962869553-mernn.jpg
